NeuroF(Z:\F\maps\-30-05-15)
*
2016/07/11 08:37:11.592 Predictor = CLS
2016/07/11 08:37:11.602 set data
2016/07/11 08:37:11.627 data.length=110080
2016/07/11 08:37:11.630 data[99990] = 24470245: 1,10541 1,10542 1,10537 1,10538 0,00010
2016/07/11 08:37:11.631 data[99991] = 24470246: 1,10538 1,10540 1,10532 1,10535 0,00008
2016/07/11 08:37:11.631 data[99992] = 24470247: 1,10535 1,10545 1,10534 1,10540 0,00008
2016/07/11 08:37:11.632 data[99993] = 24470248: 1,10540 1,10540 1,10534 1,10535 0,00008
2016/07/11 08:37:11.633 data[99994] = 24470249: 1,10535 1,10544 1,10533 1,10541 0,00008
2016/07/11 08:37:11.633 data[99995] = 24470250: 1,10539 1,10541 1,10535 1,10536 0,00009
2016/07/11 08:37:11.634 data[99996] = 24470251: 1,10536 1,10537 1,10533 1,10534 0,00010
2016/07/11 08:37:11.635 data[99997] = 24470252: 1,10534 1,10537 1,10533 1,10536 0,00009
2016/07/11 08:37:11.636 data[99998] = 24470253: 1,10536 1,10539 1,10532 1,10534 0,00010
2016/07/11 08:37:11.636 data[99999] = 24470254: 1,10534 1,10534 1,10530 1,10531 0,00009
2016/07/11 08:37:11.637 data[100000] = null
2016/07/11 08:37:11.637 data[100001] = null
2016/07/11 08:37:11.637 lastTime=100000
2016/07/11 08:37:11.637 Setting MAs. MA.length=10 d.length=110080
2016/07/11 08:37:11.650 MA[0]=[D@777493f0
2016/07/11 08:37:11.657 MA[1]=[D@69caed5
2016/07/11 08:37:11.668 MA[2]=[D@189a2557
2016/07/11 08:37:11.670 MA[3]=[D@30097f5f
2016/07/11 08:37:11.672 MA[4]=[D@3f894e9c
2016/07/11 08:37:11.673 MA[5]=[D@4f88045a
2016/07/11 08:37:11.675 MA[6]=[D@6ad5d980
2016/07/11 08:37:11.677 MA[7]=[D@7dba994b
2016/07/11 08:37:11.679 MA[8]=[D@65a64b69
2016/07/11 08:37:11.680 MA[9]=[D@8a10ea2
2016/07/11 08:37:12.942 get action 20
2016/07/11 08:37:12.942 x.length = 22
2016/07/11 08:37:12.943 a = 24470253: 1,10536 1,10539 1,10532 1,10534 0,00010
2016/07/11 08:37:12.944 b = 24470254: 1,10534 1,10534 1,10530 1,10531 0,00009
2016/07/11 08:37:12.945 c = 24470255: 1,10531 1,10531 1,10531 1,10531 0,00000
2016/07/11 08:37:12.945 setMA j=99998 d.length=110080 MA.length=10
2016/07/11 08:37:12.946 d[j]=24470253: 1,10536 1,10539 1,10532 1,10534 0,00010
2016/07/11 08:37:12.946 setMA j=99999 d.length=110080 MA.length=10
2016/07/11 08:37:12.947 d[j]=24470254: 1,10534 1,10534 1,10530 1,10531 0,00009
2016/07/11 08:37:12.947 setMA j=100000 d.length=110080 MA.length=10
2016/07/11 08:37:12.948 d[j]=24470255: 1,10531 1,10531 1,10531 1,10531 0,00000
2016/07/11 08:37:12.948 lastTime=100000
2016/07/11 08:37:12.949 data[100000] = 24470255: 1,10531 1,10531 1,10531 1,10531 0,00000
2016/07/11 08:37:12.949 fillIn() j=99984
2016/07/11 08:37:12.949 j + NUM_USED_IN1=99999
2016/07/11 08:37:12.950 d[99984]=24470239: 1,10488 1,10509 1,10487 1,10503 0,00008
2016/07/11 08:37:12.951 d[99985]=24470240: 1,10503 1,10516 1,10502 1,10516 0,00008
2016/07/11 08:37:12.951 d[99986]=24470241: 1,10516 1,10521 1,10512 1,10521 0,00008
2016/07/11 08:37:12.952 d[99987]=24470242: 1,10521 1,10529 1,10514 1,10529 0,00008
2016/07/11 08:37:12.953 d[99988]=24470243: 1,10529 1,10543 1,10529 1,10543 0,00008
2016/07/11 08:37:12.954 d[99989]=24470244: 1,10543 1,10547 1,10528 1,10541 0,00008
2016/07/11 08:37:12.955 d[99990]=24470245: 1,10541 1,10542 1,10537 1,10538 0,00010
2016/07/11 08:37:12.955 d[99991]=24470246: 1,10538 1,10540 1,10532 1,10535 0,00008
2016/07/11 08:37:12.956 d[99992]=24470247: 1,10535 1,10545 1,10534 1,10540 0,00008
2016/07/11 08:37:12.956 d[99993]=24470248: 1,10540 1,10540 1,10534 1,10535 0,00008
2016/07/11 08:37:12.957 d[99994]=24470249: 1,10535 1,10544 1,10533 1,10541 0,00008
2016/07/11 08:37:12.958 d[99995]=24470250: 1,10539 1,10541 1,10535 1,10536 0,00009
2016/07/11 08:37:12.959 d[99996]=24470251: 1,10536 1,10537 1,10533 1,10534 0,00010
2016/07/11 08:37:12.959 d[99997]=24470252: 1,10534 1,10537 1,10533 1,10536 0,00009
2016/07/11 08:37:12.960 d[99998]=24470253: 1,10536 1,10539 1,10532 1,10534 0,00010
2016/07/11 08:37:12.961 d[99999]=24470254: 1,10534 1,10534 1,10530 1,10531 0,00009
2016/07/11 08:37:12.961 d[99999]=24470254: 1,10534 1,10534 1,10530 1,10531 0,00009
2016/07/11 08:37:12.962 order=1
2016/07/11 08:37:12.962 value=0
2016/07/11 08:37:12.963 out = 1.0
2016/07/11 08:37:12.963 f.out = [1.0,0.0]
2016/07/11 08:37:12.963 a = [1,0]
2016/07/11 08:38:12.507 get action 20
2016/07/11 08:38:12.507 x.length = 22
2016/07/11 08:38:12.509 a = 24470254: 1,10534 1,10534 1,10530 1,10531 0,00009
2016/07/11 08:38:12.510 b = 24470255: 1,10531 1,10533 1,10530 1,10530 0,00000
2016/07/11 08:38:12.511 c = 24470256: 1,10530 1,10530 1,10530 1,10530 0,00010
2016/07/11 08:38:12.512 setMA j=99999 d.length=110080 MA.length=10
2016/07/11 08:38:12.514 d[j]=24470254: 1,10534 1,10534 1,10530 1,10531 0,00009
2016/07/11 08:38:12.515 setMA j=100000 d.length=110080 MA.length=10
2016/07/11 08:38:12.516 d[j]=24470255: 1,10531 1,10533 1,10530 1,10530 0,00000
2016/07/11 08:38:12.517 setMA j=100001 d.length=110080 MA.length=10
2016/07/11 08:38:12.518 d[j]=24470256: 1,10530 1,10530 1,10530 1,10530 0,00010
2016/07/11 08:38:12.518 lastTime=100001
2016/07/11 08:38:12.520 data[100001] = 24470256: 1,10530 1,10530 1,10530 1,10530 0,00010
2016/07/11 08:38:12.520 fillIn() j=99985
2016/07/11 08:38:12.520 j + NUM_USED_IN1=100000
2016/07/11 08:38:12.522 d[99985]=24470240: 1,10503 1,10516 1,10502 1,10516 0,00008
2016/07/11 08:38:12.523 d[99986]=24470241: 1,10516 1,10521 1,10512 1,10521 0,00008
2016/07/11 08:38:12.524 d[99987]=24470242: 1,10521 1,10529 1,10514 1,10529 0,00008
2016/07/11 08:38:12.526 d[99988]=24470243: 1,10529 1,10543 1,10529 1,10543 0,00008
2016/07/11 08:38:12.527 d[99989]=24470244: 1,10543 1,10547 1,10528 1,10541 0,00008
2016/07/11 08:38:12.528 d[99990]=24470245: 1,10541 1,10542 1,10537 1,10538 0,00010
2016/07/11 08:38:12.530 d[99991]=24470246: 1,10538 1,10540 1,10532 1,10535 0,00008
2016/07/11 08:38:12.531 d[99992]=24470247: 1,10535 1,10545 1,10534 1,10540 0,00008
2016/07/11 08:38:12.532 d[99993]=24470248: 1,10540 1,10540 1,10534 1,10535 0,00008
2016/07/11 08:38:12.533 d[99994]=24470249: 1,10535 1,10544 1,10533 1,10541 0,00008
2016/07/11 08:38:12.534 d[99995]=24470250: 1,10539 1,10541 1,10535 1,10536 0,00009
2016/07/11 08:38:12.535 d[99996]=24470251: 1,10536 1,10537 1,10533 1,10534 0,00010
2016/07/11 08:38:12.535 d[99997]=24470252: 1,10534 1,10537 1,10533 1,10536 0,00009
2016/07/11 08:38:12.536 d[99998]=24470253: 1,10536 1,10539 1,10532 1,10534 0,00010
2016/07/11 08:38:12.536 d[99999]=24470254: 1,10534 1,10534 1,10530 1,10531 0,00009
2016/07/11 08:38:12.537 d[100000]=24470255: 1,10531 1,10533 1,10530 1,10530 0,00000
2016/07/11 08:38:12.537 d[100000]=24470255: 1,10531 1,10533 1,10530 1,10530 0,00000
2016/07/11 08:38:12.538 order=1
2016/07/11 08:38:12.538 value=0
2016/07/11 08:38:12.538 out = 1.0
2016/07/11 08:38:12.538 f.out = [1.0,0.0]
2016/07/11 08:38:12.538 a = [1,0]
2016/07/11 08:39:13.294 get action 20
2016/07/11 08:39:13.294 x.length = 22
2016/07/11 08:39:13.295 a = 24470255: 1,10531 1,10533 1,10530 1,10530 0,00000
2016/07/11 08:39:13.296 b = 24470256: 1,10530 1,10531 1,10528 1,10529 0,00008
2016/07/11 08:39:13.297 c = 24470257: 1,10529 1,10529 1,10529 1,10529 0,00009
2016/07/11 08:39:13.297 setMA j=100000 d.length=110080 MA.length=10
2016/07/11 08:39:13.298 d[j]=24470255: 1,10531 1,10533 1,10530 1,10530 0,00000
2016/07/11 08:39:13.298 setMA j=100001 d.length=110080 MA.length=10
2016/07/11 08:39:13.299 d[j]=24470256: 1,10530 1,10531 1,10528 1,10529 0,00008
2016/07/11 08:39:13.299 setMA j=100002 d.length=110080 MA.length=10
2016/07/11 08:39:13.300 d[j]=24470257: 1,10529 1,10529 1,10529 1,10529 0,00009
2016/07/11 08:39:13.300 lastTime=100002
2016/07/11 08:39:13.301 data[100002] = 24470257: 1,10529 1,10529 1,10529 1,10529 0,00009
2016/07/11 08:39:13.301 fillIn() j=99986
2016/07/11 08:39:13.302 j + NUM_USED_IN1=100001
2016/07/11 08:39:13.302 d[99986]=24470241: 1,10516 1,10521 1,10512 1,10521 0,00008
2016/07/11 08:39:13.303 d[99987]=24470242: 1,10521 1,10529 1,10514 1,10529 0,00008
2016/07/11 08:39:13.304 d[99988]=24470243: 1,10529 1,10543 1,10529 1,10543 0,00008
2016/07/11 08:39:13.305 d[99989]=24470244: 1,10543 1,10547 1,10528 1,10541 0,00008
2016/07/11 08:39:13.306 d[99990]=24470245: 1,10541 1,10542 1,10537 1,10538 0,00010
2016/07/11 08:39:13.306 d[99991]=24470246: 1,10538 1,10540 1,10532 1,10535 0,00008
2016/07/11 08:39:13.307 d[99992]=24470247: 1,10535 1,10545 1,10534 1,10540 0,00008
2016/07/11 08:39:13.308 d[99993]=24470248: 1,10540 1,10540 1,10534 1,10535 0,00008
2016/07/11 08:39:13.309 d[99994]=24470249: 1,10535 1,10544 1,10533 1,10541 0,00008
2016/07/11 08:39:13.310 d[99995]=24470250: 1,10539 1,10541 1,10535 1,10536 0,00009
2016/07/11 08:39:13.310 d[99996]=24470251: 1,10536 1,10537 1,10533 1,10534 0,00010
2016/07/11 08:39:13.311 d[99997]=24470252: 1,10534 1,10537 1,10533 1,10536 0,00009
2016/07/11 08:39:13.312 d[99998]=24470253: 1,10536 1,10539 1,10532 1,10534 0,00010
2016/07/11 08:39:13.312 d[99999]=24470254: 1,10534 1,10534 1,10530 1,10531 0,00009
2016/07/11 08:39:13.313 d[100000]=24470255: 1,10531 1,10533 1,10530 1,10530 0,00000
2016/07/11 08:39:13.313 d[100001]=24470256: 1,10530 1,10531 1,10528 1,10529 0,00008
2016/07/11 08:39:13.314 d[100001]=24470256: 1,10530 1,10531 1,10528 1,10529 0,00008
2016/07/11 08:39:13.314 order=1
2016/07/11 08:39:13.314 value=0
2016/07/11 08:39:13.315 out = 1.0
2016/07/11 08:39:13.315 f.out = [1.0,0.0]
2016/07/11 08:39:13.315 a = [1,0]
2016/07/11 08:40:13.517 get action 20
2016/07/11 08:40:13.517 x.length = 22
2016/07/11 08:40:13.518 a = 24470256: 1,10530 1,10531 1,10528 1,10529 0,00008
2016/07/11 08:40:13.520 b = 24470257: 1,10529 1,10529 1,10525 1,10527 0,00008
2016/07/11 08:40:13.521 c = 24470258: 1,10527 1,10527 1,10527 1,10527 0,00010
2016/07/11 08:40:13.522 setMA j=100001 d.length=110080 MA.length=10
2016/07/11 08:40:13.523 d[j]=24470256: 1,10530 1,10531 1,10528 1,10529 0,00008
2016/07/11 08:40:13.523 setMA j=100002 d.length=110080 MA.length=10
2016/07/11 08:40:13.524 d[j]=24470257: 1,10529 1,10529 1,10525 1,10527 0,00008
2016/07/11 08:40:13.524 setMA j=100003 d.length=110080 MA.length=10
2016/07/11 08:40:13.525 d[j]=24470258: 1,10527 1,10527 1,10527 1,10527 0,00010
2016/07/11 08:40:13.525 lastTime=100003
2016/07/11 08:40:13.526 data[100003] = 24470258: 1,10527 1,10527 1,10527 1,10527 0,00010
2016/07/11 08:40:13.526 fillIn() j=99987
2016/07/11 08:40:13.526 j + NUM_USED_IN1=100002
2016/07/11 08:40:13.527 d[99987]=24470242: 1,10521 1,10529 1,10514 1,10529 0,00008
2016/07/11 08:40:13.527 d[99988]=24470243: 1,10529 1,10543 1,10529 1,10543 0,00008
2016/07/11 08:40:13.528 d[99989]=24470244: 1,10543 1,10547 1,10528 1,10541 0,00008
2016/07/11 08:40:13.529 d[99990]=24470245: 1,10541 1,10542 1,10537 1,10538 0,00010
2016/07/11 08:40:13.529 d[99991]=24470246: 1,10538 1,10540 1,10532 1,10535 0,00008
2016/07/11 08:40:13.530 d[99992]=24470247: 1,10535 1,10545 1,10534 1,10540 0,00008
2016/07/11 08:40:13.531 d[99993]=24470248: 1,10540 1,10540 1,10534 1,10535 0,00008
2016/07/11 08:40:13.531 d[99994]=24470249: 1,10535 1,10544 1,10533 1,10541 0,00008
2016/07/11 08:40:13.532 d[99995]=24470250: 1,10539 1,10541 1,10535 1,10536 0,00009
2016/07/11 08:40:13.533 d[99996]=24470251: 1,10536 1,10537 1,10533 1,10534 0,00010
2016/07/11 08:40:13.534 d[99997]=24470252: 1,10534 1,10537 1,10533 1,10536 0,00009
2016/07/11 08:40:13.535 d[99998]=24470253: 1,10536 1,10539 1,10532 1,10534 0,00010
2016/07/11 08:40:13.535 d[99999]=24470254: 1,10534 1,10534 1,10530 1,10531 0,00009
2016/07/11 08:40:13.536 d[100000]=24470255: 1,10531 1,10533 1,10530 1,10530 0,00000
2016/07/11 08:40:13.537 d[100001]=24470256: 1,10530 1,10531 1,10528 1,10529 0,00008
2016/07/11 08:40:13.537 d[100002]=24470257: 1,10529 1,10529 1,10525 1,10527 0,00008
2016/07/11 08:40:13.538 d[100002]=24470257: 1,10529 1,10529 1,10525 1,10527 0,00008
2016/07/11 08:40:13.538 order=1
2016/07/11 08:40:13.538 value=0
2016/07/11 08:40:13.538 out = 1.0
2016/07/11 08:40:13.539 f.out = [1.0,0.0]
2016/07/11 08:40:13.539 a = [1,0]
2016/07/11 08:41:12.912 get action 20
2016/07/11 08:41:12.913 x.length = 22
2016/07/11 08:41:12.914 a = 24470257: 1,10529 1,10529 1,10525 1,10527 0,00008
2016/07/11 08:41:12.916 b = 24470258: 1,10527 1,10527 1,10525 1,10526 0,00009
2016/07/11 08:41:12.917 c = 24470259: 1,10526 1,10526 1,10526 1,10526 0,00011
2016/07/11 08:41:12.918 setMA j=100002 d.length=110080 MA.length=10
2016/07/11 08:41:12.919 d[j]=24470257: 1,10529 1,10529 1,10525 1,10527 0,00008
2016/07/11 08:41:12.920 setMA j=100003 d.length=110080 MA.length=10
2016/07/11 08:41:12.921 d[j]=24470258: 1,10527 1,10527 1,10525 1,10526 0,00009
2016/07/11 08:41:12.921 setMA j=100004 d.length=110080 MA.length=10
2016/07/11 08:41:12.923 d[j]=24470259: 1,10526 1,10526 1,10526 1,10526 0,00011
2016/07/11 08:41:12.923 lastTime=100004
2016/07/11 08:41:12.923 data[100004] = 24470259: 1,10526 1,10526 1,10526 1,10526 0,00011
2016/07/11 08:41:12.924 fillIn() j=99988
2016/07/11 08:41:12.924 j + NUM_USED_IN1=100003
2016/07/11 08:41:12.924 d[99988]=24470243: 1,10529 1,10543 1,10529 1,10543 0,00008
2016/07/11 08:41:12.925 d[99989]=24470244: 1,10543 1,10547 1,10528 1,10541 0,00008
2016/07/11 08:41:12.926 d[99990]=24470245: 1,10541 1,10542 1,10537 1,10538 0,00010
2016/07/11 08:41:12.926 d[99991]=24470246: 1,10538 1,10540 1,10532 1,10535 0,00008
2016/07/11 08:41:12.927 d[99992]=24470247: 1,10535 1,10545 1,10534 1,10540 0,00008
2016/07/11 08:41:12.928 d[99993]=24470248: 1,10540 1,10540 1,10534 1,10535 0,00008
2016/07/11 08:41:12.928 d[99994]=24470249: 1,10535 1,10544 1,10533 1,10541 0,00008
2016/07/11 08:41:12.929 d[99995]=24470250: 1,10539 1,10541 1,10535 1,10536 0,00009
2016/07/11 08:41:12.931 d[99996]=24470251: 1,10536 1,10537 1,10533 1,10534 0,00010
2016/07/11 08:41:12.932 d[99997]=24470252: 1,10534 1,10537 1,10533 1,10536 0,00009
2016/07/11 08:41:12.932 d[99998]=24470253: 1,10536 1,10539 1,10532 1,10534 0,00010
2016/07/11 08:41:12.933 d[99999]=24470254: 1,10534 1,10534 1,10530 1,10531 0,00009
2016/07/11 08:41:12.934 d[100000]=24470255: 1,10531 1,10533 1,10530 1,10530 0,00000
2016/07/11 08:41:12.934 d[100001]=24470256: 1,10530 1,10531 1,10528 1,10529 0,00008
2016/07/11 08:41:12.935 d[100002]=24470257: 1,10529 1,10529 1,10525 1,10527 0,00008
2016/07/11 08:41:12.936 d[100003]=24470258: 1,10527 1,10527 1,10525 1,10526 0,00009
2016/07/11 08:41:12.936 d[100003]=24470258: 1,10527 1,10527 1,10525 1,10526 0,00009
2016/07/11 08:41:12.937 order=1
2016/07/11 08:41:12.937 value=0
2016/07/11 08:41:12.937 out = 1.0
2016/07/11 08:41:12.937 f.out = [1.0,0.0]
2016/07/11 08:41:12.937 a = [1,0]
2016/07/11 08:42:13.430 get action 20
2016/07/11 08:42:13.430 x.length = 22
2016/07/11 08:42:13.432 a = 24470258: 1,10527 1,10527 1,10525 1,10526 0,00009
2016/07/11 08:42:13.433 b = 24470259: 1,10526 1,10526 1,10518 1,10522 0,00008
2016/07/11 08:42:13.435 c = 24470260: 1,10521 1,10522 1,10521 1,10522 0,00012
2016/07/11 08:42:13.435 setMA j=100003 d.length=110080 MA.length=10
2016/07/11 08:42:13.436 d[j]=24470258: 1,10527 1,10527 1,10525 1,10526 0,00009
2016/07/11 08:42:13.437 setMA j=100004 d.length=110080 MA.length=10
2016/07/11 08:42:13.438 d[j]=24470259: 1,10526 1,10526 1,10518 1,10522 0,00008
2016/07/11 08:42:13.439 setMA j=100005 d.length=110080 MA.length=10
2016/07/11 08:42:13.440 d[j]=24470260: 1,10521 1,10522 1,10521 1,10522 0,00012
2016/07/11 08:42:13.441 lastTime=100005
2016/07/11 08:42:13.442 data[100005] = 24470260: 1,10521 1,10522 1,10521 1,10522 0,00012
2016/07/11 08:42:13.442 fillIn() j=99989
2016/07/11 08:42:13.443 j + NUM_USED_IN1=100004
2016/07/11 08:42:13.444 d[99989]=24470244: 1,10543 1,10547 1,10528 1,10541 0,00008
2016/07/11 08:42:13.445 d[99990]=24470245: 1,10541 1,10542 1,10537 1,10538 0,00010
2016/07/11 08:42:13.446 d[99991]=24470246: 1,10538 1,10540 1,10532 1,10535 0,00008
2016/07/11 08:42:13.447 d[99992]=24470247: 1,10535 1,10545 1,10534 1,10540 0,00008
2016/07/11 08:42:13.449 d[99993]=24470248: 1,10540 1,10540 1,10534 1,10535 0,00008
2016/07/11 08:42:13.450 d[99994]=24470249: 1,10535 1,10544 1,10533 1,10541 0,00008
2016/07/11 08:42:13.451 d[99995]=24470250: 1,10539 1,10541 1,10535 1,10536 0,00009
2016/07/11 08:42:13.452 d[99996]=24470251: 1,10536 1,10537 1,10533 1,10534 0,00010
2016/07/11 08:42:13.454 d[99997]=24470252: 1,10534 1,10537 1,10533 1,10536 0,00009
2016/07/11 08:42:13.455 d[99998]=24470253: 1,10536 1,10539 1,10532 1,10534 0,00010
2016/07/11 08:42:13.456 d[99999]=24470254: 1,10534 1,10534 1,10530 1,10531 0,00009
2016/07/11 08:42:13.457 d[100000]=24470255: 1,10531 1,10533 1,10530 1,10530 0,00000
2016/07/11 08:42:13.458 d[100001]=24470256: 1,10530 1,10531 1,10528 1,10529 0,00008
2016/07/11 08:42:13.460 d[100002]=24470257: 1,10529 1,10529 1,10525 1,10527 0,00008
2016/07/11 08:42:13.461 d[100003]=24470258: 1,10527 1,10527 1,10525 1,10526 0,00009
2016/07/11 08:42:13.462 d[100004]=24470259: 1,10526 1,10526 1,10518 1,10522 0,00008
2016/07/11 08:42:13.463 d[100004]=24470259: 1,10526 1,10526 1,10518 1,10522 0,00008
2016/07/11 08:42:13.463 order=1
2016/07/11 08:42:13.464 value=0
2016/07/11 08:42:13.464 out = 1.0
2016/07/11 08:42:13.464 f.out = [1.0,0.0]
2016/07/11 08:42:13.464 a = [1,0]
2016/07/11 08:43:12.537 get action 20
2016/07/11 08:43:12.537 x.length = 22
2016/07/11 08:43:12.538 a = 24470259: 1,10526 1,10526 1,10518 1,10522 0,00008
2016/07/11 08:43:12.540 b = 24470260: 1,10521 1,10524 1,10520 1,10524 0,00010
2016/07/11 08:43:12.541 c = 24470261: 1,10524 1,10524 1,10524 1,10524 0,00010
2016/07/11 08:43:12.542 setMA j=100004 d.length=110080 MA.length=10
2016/07/11 08:43:12.543 d[j]=24470259: 1,10526 1,10526 1,10518 1,10522 0,00008
2016/07/11 08:43:12.543 setMA j=100005 d.length=110080 MA.length=10
2016/07/11 08:43:12.544 d[j]=24470260: 1,10521 1,10524 1,10520 1,10524 0,00010
2016/07/11 08:43:12.545 setMA j=100006 d.length=110080 MA.length=10
2016/07/11 08:43:12.546 d[j]=24470261: 1,10524 1,10524 1,10524 1,10524 0,00010
2016/07/11 08:43:12.547 lastTime=100006
2016/07/11 08:43:12.548 data[100006] = 24470261: 1,10524 1,10524 1,10524 1,10524 0,00010
2016/07/11 08:43:12.548 fillIn() j=99990
2016/07/11 08:43:12.549 j + NUM_USED_IN1=100005
2016/07/11 08:43:12.550 d[99990]=24470245: 1,10541 1,10542 1,10537 1,10538 0,00010
2016/07/11 08:43:12.551 d[99991]=24470246: 1,10538 1,10540 1,10532 1,10535 0,00008
2016/07/11 08:43:12.552 d[99992]=24470247: 1,10535 1,10545 1,10534 1,10540 0,00008
2016/07/11 08:43:12.554 d[99993]=24470248: 1,10540 1,10540 1,10534 1,10535 0,00008
2016/07/11 08:43:12.555 d[99994]=24470249: 1,10535 1,10544 1,10533 1,10541 0,00008
2016/07/11 08:43:12.556 d[99995]=24470250: 1,10539 1,10541 1,10535 1,10536 0,00009
2016/07/11 08:43:12.557 d[99996]=24470251: 1,10536 1,10537 1,10533 1,10534 0,00010
2016/07/11 08:43:12.558 d[99997]=24470252: 1,10534 1,10537 1,10533 1,10536 0,00009
2016/07/11 08:43:12.559 d[99998]=24470253: 1,10536 1,10539 1,10532 1,10534 0,00010
2016/07/11 08:43:12.561 d[99999]=24470254: 1,10534 1,10534 1,10530 1,10531 0,00009
2016/07/11 08:43:12.562 d[100000]=24470255: 1,10531 1,10533 1,10530 1,10530 0,00000
2016/07/11 08:43:12.563 d[100001]=24470256: 1,10530 1,10531 1,10528 1,10529 0,00008
2016/07/11 08:43:12.563 d[100002]=24470257: 1,10529 1,10529 1,10525 1,10527 0,00008
2016/07/11 08:43:12.564 d[100003]=24470258: 1,10527 1,10527 1,10525 1,10526 0,00009
2016/07/11 08:43:12.564 d[100004]=24470259: 1,10526 1,10526 1,10518 1,10522 0,00008
2016/07/11 08:43:12.565 d[100005]=24470260: 1,10521 1,10524 1,10520 1,10524 0,00010
2016/07/11 08:43:12.565 d[100005]=24470260: 1,10521 1,10524 1,10520 1,10524 0,00010
2016/07/11 08:43:12.565 order=1
2016/07/11 08:43:12.565 value=0
2016/07/11 08:43:12.566 out = 1.0
2016/07/11 08:43:12.566 f.out = [1.0,0.0]
2016/07/11 08:43:12.566 a = [1,0]
2016/07/11 08:44:01.923 closing
