NeuroF(Z:\F\maps\-30-05-15)
*
2016/07/11 23:08:31.89 Predictor = CLS
2016/07/11 23:08:31.105 set data
2016/07/11 23:08:31.136 data.length=110080
2016/07/11 23:08:31.136 data[99990] = 24471117: 1,10513 1,10537 1,10513 1,10537 0,00008
2016/07/11 23:08:31.136 data[99991] = 24471118: 1,10537 1,10541 1,10530 1,10530 0,00008
2016/07/11 23:08:31.136 data[99992] = 24471119: 1,10530 1,10535 1,10524 1,10527 0,00008
2016/07/11 23:08:31.136 data[99993] = 24471120: 1,10527 1,10535 1,10525 1,10535 0,00008
2016/07/11 23:08:31.136 data[99994] = 24471121: 1,10535 1,10541 1,10532 1,10539 0,00008
2016/07/11 23:08:31.136 data[99995] = 24471122: 1,10539 1,10541 1,10535 1,10537 0,00008
2016/07/11 23:08:31.151 data[99996] = 24471123: 1,10537 1,10541 1,10526 1,10528 0,00008
2016/07/11 23:08:31.151 data[99997] = 24471124: 1,10528 1,10532 1,10525 1,10527 0,00008
2016/07/11 23:08:31.151 data[99998] = 24471125: 1,10527 1,10541 1,10525 1,10531 0,00007
2016/07/11 23:08:31.151 data[99999] = 24471126: 1,10531 1,10534 1,10530 1,10530 0,00008
2016/07/11 23:08:31.151 data[100000] = null
2016/07/11 23:08:31.151 data[100001] = null
2016/07/11 23:08:31.151 lastTime=100000
2016/07/11 23:08:31.151 Setting MAs. MA.length=10 d.length=110080
2016/07/11 23:08:31.151 MA[0]=[D@777493f0
2016/07/11 23:08:31.167 MA[1]=[D@69caed5
2016/07/11 23:08:31.167 MA[2]=[D@189a2557
2016/07/11 23:08:31.183 MA[3]=[D@30097f5f
2016/07/11 23:08:31.183 MA[4]=[D@3f894e9c
2016/07/11 23:08:31.183 MA[5]=[D@4f88045a
2016/07/11 23:08:31.183 MA[6]=[D@6ad5d980
2016/07/11 23:08:31.183 MA[7]=[D@7dba994b
2016/07/11 23:08:31.183 MA[8]=[D@65a64b69
2016/07/11 23:08:31.183 MA[9]=[D@8a10ea2
2016/07/11 23:08:38.733 closing
