NeuroF(Z:\F\maps\-30-05-15)
*
2016/06/28 23:01:53.578 Predictor = NeuroFPredictorCells
2016/06/28 23:01:53.588 set data
2016/06/28 23:01:53.618 data.length=110080
2016/06/28 23:01:53.618 data[99990] = 24452389: 1,10531 1,10533 1,10518 1,10526 0,00008
2016/06/28 23:01:53.618 data[99991] = 24452390: 1,10524 1,10534 1,10485 1,10504 0,00008
2016/06/28 23:01:53.618 data[99992] = 24452391: 1,10504 1,10505 1,10482 1,10487 0,00008
2016/06/28 23:01:53.618 data[99993] = 24452392: 1,10487 1,10488 1,10447 1,10465 0,00008
2016/06/28 23:01:53.628 data[99994] = 24452393: 1,10465 1,10470 1,10441 1,10464 0,00008
2016/06/28 23:01:53.628 data[99995] = 24452394: 1,10464 1,10504 1,10450 1,10500 0,00008
2016/06/28 23:01:53.628 data[99996] = 24452395: 1,10500 1,10507 1,10483 1,10506 0,00008
2016/06/28 23:01:53.628 data[99997] = 24452396: 1,10506 1,10526 1,10501 1,10524 0,00008
2016/06/28 23:01:53.628 data[99998] = 24452397: 1,10524 1,10528 1,10472 1,10488 0,00007
2016/06/28 23:01:53.628 data[99999] = 24452398: 1,10488 1,10491 1,10487 1,10491 0,00010
2016/06/28 23:01:53.628 data[100000] = null
2016/06/28 23:01:53.628 data[100001] = null
2016/06/28 23:01:53.628 lastTime=100000
2016/06/28 23:01:53.628 Setting MAs. MA.length=10 d.length=110080
2016/06/28 23:01:53.638 MA[0]=[D@777493f0
2016/06/28 23:01:53.662 MA[1]=[D@69caed5
2016/06/28 23:01:53.667 MA[2]=[D@189a2557
2016/06/28 23:01:53.669 MA[3]=[D@30097f5f
2016/06/28 23:01:53.671 MA[4]=[D@3f894e9c
2016/06/28 23:01:53.672 MA[5]=[D@4f88045a
2016/06/28 23:01:53.674 MA[6]=[D@6ad5d980
2016/06/28 23:01:53.676 MA[7]=[D@7dba994b
2016/06/28 23:01:53.678 MA[8]=[D@65a64b69
2016/06/28 23:01:53.680 MA[9]=[D@8a10ea2
2016/06/28 23:02:07.780 get action 20
2016/06/28 23:02:07.780 x.length = 22
2016/06/28 23:02:07.780 a = 24452398: 1,10488 1,10517 1,10487 1,10505 0,00009
2016/06/28 23:02:07.780 b = 24452399: 1,10505 1,10519 1,10499 1,10519 0,00008
2016/06/28 23:02:07.780 c = 24452400: 1,10519 1,10519 1,10519 1,10519 0,00010
2016/06/28 23:02:07.780 setMA j=99999 d.length=110080 MA.length=10
2016/06/28 23:02:07.780 d[j]=24452398: 1,10488 1,10517 1,10487 1,10505 0,00009
2016/06/28 23:02:07.780 setMA j=100000 d.length=110080 MA.length=10
2016/06/28 23:02:07.780 d[j]=24452399: 1,10505 1,10519 1,10499 1,10519 0,00008
2016/06/28 23:02:07.780 setMA j=100001 d.length=110080 MA.length=10
2016/06/28 23:02:07.780 d[j]=24452400: 1,10519 1,10519 1,10519 1,10519 0,00010
2016/06/28 23:02:07.780 lastTime=100001
2016/06/28 23:02:07.780 data[100001] = 24452400: 1,10519 1,10519 1,10519 1,10519 0,00010
2016/06/28 23:02:07.780 fillIn() j=99985
2016/06/28 23:02:07.780 j + NUM_USED_IN1=100000
2016/06/28 23:02:07.780 d[99985]=24452384: 1,10525 1,10554 1,10525 1,10544 0,00008
2016/06/28 23:02:07.780 d[99986]=24452385: 1,10544 1,10548 1,10528 1,10544 0,00008
2016/06/28 23:02:07.780 d[99987]=24452386: 1,10544 1,10585 1,10540 1,10575 0,00008
2016/06/28 23:02:07.780 d[99988]=24452387: 1,10575 1,10577 1,10551 1,10557 0,00007
2016/06/28 23:02:07.780 d[99989]=24452388: 1,10557 1,10557 1,10531 1,10531 0,00008
2016/06/28 23:02:07.790 d[99990]=24452389: 1,10531 1,10533 1,10518 1,10526 0,00008
2016/06/28 23:02:07.790 d[99991]=24452390: 1,10524 1,10534 1,10485 1,10504 0,00008
2016/06/28 23:02:07.790 d[99992]=24452391: 1,10504 1,10505 1,10482 1,10487 0,00008
2016/06/28 23:02:07.790 d[99993]=24452392: 1,10487 1,10488 1,10447 1,10465 0,00008
2016/06/28 23:02:07.790 d[99994]=24452393: 1,10465 1,10470 1,10441 1,10464 0,00008
2016/06/28 23:02:07.790 d[99995]=24452394: 1,10464 1,10504 1,10450 1,10500 0,00008
2016/06/28 23:02:07.790 d[99996]=24452395: 1,10500 1,10507 1,10483 1,10506 0,00008
2016/06/28 23:02:07.790 d[99997]=24452396: 1,10506 1,10526 1,10501 1,10524 0,00008
2016/06/28 23:02:07.790 d[99998]=24452397: 1,10524 1,10528 1,10472 1,10488 0,00007
2016/06/28 23:02:07.790 d[99999]=24452398: 1,10488 1,10517 1,10487 1,10505 0,00009
2016/06/28 23:02:07.790 d[100000]=24452399: 1,10505 1,10519 1,10499 1,10519 0,00008
2016/06/28 23:02:07.790 d[100000]=24452399: 1,10505 1,10519 1,10499 1,10519 0,00008
2016/06/28 23:02:07.790 order=-1
2016/06/28 23:02:07.790 value=0
Error com.gmware.lib.tools.net3.F.NeuroF@5cda2610
java.lang.ArrayIndexOutOfBoundsException: -1
	at com.gmware.lib.tools.net3.F.NeuroFPredictorCells.getDecision(NeuroFPredictorCells.java:174)
	at com.gmware.lib.tools.net3.F.NeuroF.propagate(NeuroF.java:126)
	at com.gmware.lib.tools.net3.F.NeuroJNI.getAction(NeuroJNI.java:55)
2016/06/28 23:03:17.900 get action 20
2016/06/28 23:03:17.900 x.length = 22
2016/06/28 23:03:17.900 a = 24452399: 1,10505 1,10519 1,10499 1,10519 0,00008
2016/06/28 23:03:17.900 b = 24452400: 1,10519 1,10538 1,10519 1,10537 0,00008
2016/06/28 23:03:17.900 c = 24452401: 1,10537 1,10537 1,10537 1,10537 0,00011
2016/06/28 23:03:17.900 setMA j=100000 d.length=110080 MA.length=10
2016/06/28 23:03:17.900 d[j]=24452399: 1,10505 1,10519 1,10499 1,10519 0,00008
2016/06/28 23:03:17.900 setMA j=100001 d.length=110080 MA.length=10
2016/06/28 23:03:17.900 d[j]=24452400: 1,10519 1,10538 1,10519 1,10537 0,00008
2016/06/28 23:03:17.900 setMA j=100002 d.length=110080 MA.length=10
2016/06/28 23:03:17.900 d[j]=24452401: 1,10537 1,10537 1,10537 1,10537 0,00011
2016/06/28 23:03:17.900 lastTime=100002
2016/06/28 23:03:17.900 data[100002] = 24452401: 1,10537 1,10537 1,10537 1,10537 0,00011
2016/06/28 23:03:17.900 fillIn() j=99986
2016/06/28 23:03:17.900 j + NUM_USED_IN1=100001
2016/06/28 23:03:17.900 d[99986]=24452385: 1,10544 1,10548 1,10528 1,10544 0,00008
2016/06/28 23:03:17.900 d[99987]=24452386: 1,10544 1,10585 1,10540 1,10575 0,00008
2016/06/28 23:03:17.900 d[99988]=24452387: 1,10575 1,10577 1,10551 1,10557 0,00007
2016/06/28 23:03:17.910 d[99989]=24452388: 1,10557 1,10557 1,10531 1,10531 0,00008
2016/06/28 23:03:17.910 d[99990]=24452389: 1,10531 1,10533 1,10518 1,10526 0,00008
2016/06/28 23:03:17.910 d[99991]=24452390: 1,10524 1,10534 1,10485 1,10504 0,00008
2016/06/28 23:03:17.910 d[99992]=24452391: 1,10504 1,10505 1,10482 1,10487 0,00008
2016/06/28 23:03:17.910 d[99993]=24452392: 1,10487 1,10488 1,10447 1,10465 0,00008
2016/06/28 23:03:17.910 d[99994]=24452393: 1,10465 1,10470 1,10441 1,10464 0,00008
2016/06/28 23:03:17.910 d[99995]=24452394: 1,10464 1,10504 1,10450 1,10500 0,00008
2016/06/28 23:03:17.910 d[99996]=24452395: 1,10500 1,10507 1,10483 1,10506 0,00008
2016/06/28 23:03:17.910 d[99997]=24452396: 1,10506 1,10526 1,10501 1,10524 0,00008
2016/06/28 23:03:17.910 d[99998]=24452397: 1,10524 1,10528 1,10472 1,10488 0,00007
2016/06/28 23:03:17.920 d[99999]=24452398: 1,10488 1,10517 1,10487 1,10505 0,00009
2016/06/28 23:03:17.920 d[100000]=24452399: 1,10505 1,10519 1,10499 1,10519 0,00008
2016/06/28 23:03:17.920 d[100001]=24452400: 1,10519 1,10538 1,10519 1,10537 0,00008
2016/06/28 23:03:17.920 d[100001]=24452400: 1,10519 1,10538 1,10519 1,10537 0,00008
2016/06/28 23:03:17.920 order=-1
2016/06/28 23:03:17.920 value=0
Error com.gmware.lib.tools.net3.F.NeuroF@5cda2610
java.lang.ArrayIndexOutOfBoundsException: -1
	at com.gmware.lib.tools.net3.F.NeuroFPredictorCells.getDecision(NeuroFPredictorCells.java:174)
	at com.gmware.lib.tools.net3.F.NeuroF.propagate(NeuroF.java:126)
	at com.gmware.lib.tools.net3.F.NeuroJNI.getAction(NeuroJNI.java:55)
2016/06/28 23:03:30.490 closing
