NeuroF(Z:\F\maps\-30-05-15)
*
2016/06/28 22:57:42.705 Predictor = NeuroFPredictorCells
2016/06/28 22:57:42.715 set data
2016/06/28 22:57:42.735 data.length=110080
2016/06/28 22:57:42.735 data[99990] = 24452386: 1,10544 1,10585 1,10540 1,10575 0,00008
2016/06/28 22:57:42.735 data[99991] = 24452387: 1,10575 1,10577 1,10551 1,10557 0,00007
2016/06/28 22:57:42.735 data[99992] = 24452388: 1,10557 1,10557 1,10531 1,10531 0,00008
2016/06/28 22:57:42.735 data[99993] = 24452389: 1,10531 1,10533 1,10518 1,10526 0,00008
2016/06/28 22:57:42.735 data[99994] = 24452390: 1,10524 1,10534 1,10485 1,10504 0,00008
2016/06/28 22:57:42.735 data[99995] = 24452391: 1,10504 1,10505 1,10482 1,10487 0,00008
2016/06/28 22:57:42.735 data[99996] = 24452392: 1,10487 1,10488 1,10447 1,10465 0,00008
2016/06/28 22:57:42.735 data[99997] = 24452393: 1,10465 1,10470 1,10441 1,10464 0,00008
2016/06/28 22:57:42.735 data[99998] = 24452394: 1,10464 1,10504 1,10450 1,10500 0,00008
2016/06/28 22:57:42.745 data[99999] = 24452395: 1,10500 1,10500 1,10483 1,10487 0,00008
2016/06/28 22:57:42.745 data[100000] = null
2016/06/28 22:57:42.745 data[100001] = null
2016/06/28 22:57:42.745 lastTime=100000
2016/06/28 22:57:42.745 Setting MAs. MA.length=10 d.length=110080
2016/06/28 22:57:42.745 MA[0]=[D@1e881278
2016/06/28 22:57:42.755 MA[1]=[D@777493f0
2016/06/28 22:57:42.765 MA[2]=[D@69caed5
2016/06/28 22:57:42.765 MA[3]=[D@189a2557
2016/06/28 22:57:42.775 MA[4]=[D@30097f5f
2016/06/28 22:57:42.775 MA[5]=[D@3f894e9c
2016/06/28 22:57:42.775 MA[6]=[D@4f88045a
2016/06/28 22:57:42.775 MA[7]=[D@6ad5d980
2016/06/28 22:57:42.775 MA[8]=[D@7dba994b
2016/06/28 22:57:42.775 MA[9]=[D@65a64b69
2016/06/28 22:58:07.805 get action 20
2016/06/28 22:58:07.805 x.length = 22
2016/06/28 22:58:07.805 a = 24452394: 1,10464 1,10504 1,10450 1,10500 0,00008
2016/06/28 22:58:07.805 b = 24452395: 1,10500 1,10507 1,10483 1,10506 0,00008
2016/06/28 22:58:07.805 c = 24452396: 1,10506 1,10506 1,10506 1,10506 0,00012
2016/06/28 22:58:07.815 setMA j=99998 d.length=110080 MA.length=10
2016/06/28 22:58:07.815 d[j]=24452394: 1,10464 1,10504 1,10450 1,10500 0,00008
2016/06/28 22:58:07.815 setMA j=99999 d.length=110080 MA.length=10
2016/06/28 22:58:07.815 d[j]=24452395: 1,10500 1,10507 1,10483 1,10506 0,00008
2016/06/28 22:58:07.815 setMA j=100000 d.length=110080 MA.length=10
2016/06/28 22:58:07.815 d[j]=24452396: 1,10506 1,10506 1,10506 1,10506 0,00012
2016/06/28 22:58:07.815 lastTime=100000
2016/06/28 22:58:07.815 data[100000] = 24452396: 1,10506 1,10506 1,10506 1,10506 0,00012
2016/06/28 22:58:07.815 fillIn() j=99984
2016/06/28 22:58:07.815 j + NUM_USED_IN1=99999
2016/06/28 22:58:07.815 d[99984]=24452380: 1,10651 1,10654 1,10637 1,10637 0,00008
2016/06/28 22:58:07.825 d[99985]=24452381: 1,10637 1,10637 1,10613 1,10621 0,00008
2016/06/28 22:58:07.825 d[99986]=24452382: 1,10620 1,10622 1,10547 1,10551 0,00008
2016/06/28 22:58:07.825 d[99987]=24452383: 1,10551 1,10553 1,10495 1,10525 0,00008
2016/06/28 22:58:07.825 d[99988]=24452384: 1,10525 1,10554 1,10525 1,10544 0,00008
2016/06/28 22:58:07.825 d[99989]=24452385: 1,10544 1,10548 1,10528 1,10544 0,00008
2016/06/28 22:58:07.825 d[99990]=24452386: 1,10544 1,10585 1,10540 1,10575 0,00008
2016/06/28 22:58:07.825 d[99991]=24452387: 1,10575 1,10577 1,10551 1,10557 0,00007
2016/06/28 22:58:07.835 d[99992]=24452388: 1,10557 1,10557 1,10531 1,10531 0,00008
2016/06/28 22:58:07.835 d[99993]=24452389: 1,10531 1,10533 1,10518 1,10526 0,00008
2016/06/28 22:58:07.835 d[99994]=24452390: 1,10524 1,10534 1,10485 1,10504 0,00008
2016/06/28 22:58:07.835 d[99995]=24452391: 1,10504 1,10505 1,10482 1,10487 0,00008
2016/06/28 22:58:07.835 d[99996]=24452392: 1,10487 1,10488 1,10447 1,10465 0,00008
2016/06/28 22:58:07.835 d[99997]=24452393: 1,10465 1,10470 1,10441 1,10464 0,00008
2016/06/28 22:58:07.835 d[99998]=24452394: 1,10464 1,10504 1,10450 1,10500 0,00008
2016/06/28 22:58:07.835 d[99999]=24452395: 1,10500 1,10507 1,10483 1,10506 0,00008
2016/06/28 22:58:07.835 d[99999]=24452395: 1,10500 1,10507 1,10483 1,10506 0,00008
2016/06/28 22:58:07.835 order=-1
2016/06/28 22:58:07.835 value=0
Error com.gmware.lib.tools.net3.F.NeuroF@79b2dc6
java.lang.ArrayIndexOutOfBoundsException: -1
	at com.gmware.lib.tools.net3.F.NeuroFPredictorCells.getDecision(NeuroFPredictorCells.java:174)
	at com.gmware.lib.tools.net3.F.NeuroF.propagate(NeuroF.java:126)
	at com.gmware.lib.tools.net3.F.NeuroJNI.getAction(NeuroJNI.java:55)
2016/06/28 22:59:07.827 get action 20
2016/06/28 22:59:07.827 x.length = 22
2016/06/28 22:59:07.827 a = 24452395: 1,10500 1,10507 1,10483 1,10506 0,00008
2016/06/28 22:59:07.827 b = 24452396: 1,10506 1,10526 1,10501 1,10524 0,00008
2016/06/28 22:59:07.827 c = 24452397: 1,10524 1,10524 1,10524 1,10524 0,00012
2016/06/28 22:59:07.827 setMA j=99999 d.length=110080 MA.length=10
2016/06/28 22:59:07.827 d[j]=24452395: 1,10500 1,10507 1,10483 1,10506 0,00008
2016/06/28 22:59:07.827 setMA j=100000 d.length=110080 MA.length=10
2016/06/28 22:59:07.827 d[j]=24452396: 1,10506 1,10526 1,10501 1,10524 0,00008
2016/06/28 22:59:07.827 setMA j=100001 d.length=110080 MA.length=10
2016/06/28 22:59:07.827 d[j]=24452397: 1,10524 1,10524 1,10524 1,10524 0,00012
2016/06/28 22:59:07.827 lastTime=100001
2016/06/28 22:59:07.827 data[100001] = 24452397: 1,10524 1,10524 1,10524 1,10524 0,00012
2016/06/28 22:59:07.827 fillIn() j=99985
2016/06/28 22:59:07.827 j + NUM_USED_IN1=100000
2016/06/28 22:59:07.827 d[99985]=24452381: 1,10637 1,10637 1,10613 1,10621 0,00008
2016/06/28 22:59:07.827 d[99986]=24452382: 1,10620 1,10622 1,10547 1,10551 0,00008
2016/06/28 22:59:07.827 d[99987]=24452383: 1,10551 1,10553 1,10495 1,10525 0,00008
2016/06/28 22:59:07.827 d[99988]=24452384: 1,10525 1,10554 1,10525 1,10544 0,00008
2016/06/28 22:59:07.827 d[99989]=24452385: 1,10544 1,10548 1,10528 1,10544 0,00008
2016/06/28 22:59:07.837 d[99990]=24452386: 1,10544 1,10585 1,10540 1,10575 0,00008
2016/06/28 22:59:07.837 d[99991]=24452387: 1,10575 1,10577 1,10551 1,10557 0,00007
2016/06/28 22:59:07.837 d[99992]=24452388: 1,10557 1,10557 1,10531 1,10531 0,00008
2016/06/28 22:59:07.837 d[99993]=24452389: 1,10531 1,10533 1,10518 1,10526 0,00008
2016/06/28 22:59:07.837 d[99994]=24452390: 1,10524 1,10534 1,10485 1,10504 0,00008
2016/06/28 22:59:07.837 d[99995]=24452391: 1,10504 1,10505 1,10482 1,10487 0,00008
2016/06/28 22:59:07.837 d[99996]=24452392: 1,10487 1,10488 1,10447 1,10465 0,00008
2016/06/28 22:59:07.837 d[99997]=24452393: 1,10465 1,10470 1,10441 1,10464 0,00008
2016/06/28 22:59:07.837 d[99998]=24452394: 1,10464 1,10504 1,10450 1,10500 0,00008
2016/06/28 22:59:07.837 d[99999]=24452395: 1,10500 1,10507 1,10483 1,10506 0,00008
2016/06/28 22:59:07.837 d[100000]=24452396: 1,10506 1,10526 1,10501 1,10524 0,00008
2016/06/28 22:59:07.837 d[100000]=24452396: 1,10506 1,10526 1,10501 1,10524 0,00008
2016/06/28 22:59:07.837 order=-1
2016/06/28 22:59:07.837 value=0
Error com.gmware.lib.tools.net3.F.NeuroF@79b2dc6
java.lang.ArrayIndexOutOfBoundsException: -1
	at com.gmware.lib.tools.net3.F.NeuroFPredictorCells.getDecision(NeuroFPredictorCells.java:174)
	at com.gmware.lib.tools.net3.F.NeuroF.propagate(NeuroF.java:126)
	at com.gmware.lib.tools.net3.F.NeuroJNI.getAction(NeuroJNI.java:55)
2016/06/28 23:00:07.853 get action 20
2016/06/28 23:00:07.853 x.length = 22
2016/06/28 23:00:07.853 a = 24452396: 1,10506 1,10526 1,10501 1,10524 0,00008
2016/06/28 23:00:07.853 b = 24452397: 1,10524 1,10528 1,10472 1,10488 0,00007
2016/06/28 23:00:07.853 c = 24452398: 1,10488 1,10488 1,10488 1,10488 0,00011
2016/06/28 23:00:07.853 setMA j=100000 d.length=110080 MA.length=10
2016/06/28 23:00:07.853 d[j]=24452396: 1,10506 1,10526 1,10501 1,10524 0,00008
2016/06/28 23:00:07.853 setMA j=100001 d.length=110080 MA.length=10
2016/06/28 23:00:07.853 d[j]=24452397: 1,10524 1,10528 1,10472 1,10488 0,00007
2016/06/28 23:00:07.863 setMA j=100002 d.length=110080 MA.length=10
2016/06/28 23:00:07.863 d[j]=24452398: 1,10488 1,10488 1,10488 1,10488 0,00011
2016/06/28 23:00:07.863 lastTime=100002
2016/06/28 23:00:07.863 data[100002] = 24452398: 1,10488 1,10488 1,10488 1,10488 0,00011
2016/06/28 23:00:07.863 fillIn() j=99986
2016/06/28 23:00:07.863 j + NUM_USED_IN1=100001
2016/06/28 23:00:07.863 d[99986]=24452382: 1,10620 1,10622 1,10547 1,10551 0,00008
2016/06/28 23:00:07.863 d[99987]=24452383: 1,10551 1,10553 1,10495 1,10525 0,00008
2016/06/28 23:00:07.863 d[99988]=24452384: 1,10525 1,10554 1,10525 1,10544 0,00008
2016/06/28 23:00:07.863 d[99989]=24452385: 1,10544 1,10548 1,10528 1,10544 0,00008
2016/06/28 23:00:07.863 d[99990]=24452386: 1,10544 1,10585 1,10540 1,10575 0,00008
2016/06/28 23:00:07.863 d[99991]=24452387: 1,10575 1,10577 1,10551 1,10557 0,00007
2016/06/28 23:00:07.863 d[99992]=24452388: 1,10557 1,10557 1,10531 1,10531 0,00008
2016/06/28 23:00:07.863 d[99993]=24452389: 1,10531 1,10533 1,10518 1,10526 0,00008
2016/06/28 23:00:07.863 d[99994]=24452390: 1,10524 1,10534 1,10485 1,10504 0,00008
2016/06/28 23:00:07.873 d[99995]=24452391: 1,10504 1,10505 1,10482 1,10487 0,00008
2016/06/28 23:00:07.873 d[99996]=24452392: 1,10487 1,10488 1,10447 1,10465 0,00008
2016/06/28 23:00:07.873 d[99997]=24452393: 1,10465 1,10470 1,10441 1,10464 0,00008
2016/06/28 23:00:07.873 d[99998]=24452394: 1,10464 1,10504 1,10450 1,10500 0,00008
2016/06/28 23:00:07.873 d[99999]=24452395: 1,10500 1,10507 1,10483 1,10506 0,00008
2016/06/28 23:00:07.873 d[100000]=24452396: 1,10506 1,10526 1,10501 1,10524 0,00008
2016/06/28 23:00:07.873 d[100001]=24452397: 1,10524 1,10528 1,10472 1,10488 0,00007
2016/06/28 23:00:07.873 d[100001]=24452397: 1,10524 1,10528 1,10472 1,10488 0,00007
2016/06/28 23:00:07.873 order=-1
2016/06/28 23:00:07.883 value=0
Error com.gmware.lib.tools.net3.F.NeuroF@79b2dc6
java.lang.ArrayIndexOutOfBoundsException: -1
	at com.gmware.lib.tools.net3.F.NeuroFPredictorCells.getDecision(NeuroFPredictorCells.java:174)
	at com.gmware.lib.tools.net3.F.NeuroF.propagate(NeuroF.java:126)
	at com.gmware.lib.tools.net3.F.NeuroJNI.getAction(NeuroJNI.java:55)
2016/06/28 23:00:34.545 closing
